trip {
  trip_id: "1.0"
  3: 1414100321
}
position {
  1: "1"
  4 {
    1 {
      2: "16:37"
      3: "20141023"
      5 {
        6: 0x34383437
      }
    }
    2 {
      1: 0x41f3b3f3
      2: 0xc2c370df
      5: 0x426ab852
    }
    8 {
      1: "11104"
    }
  }
  1: "2"
  4 {
    1 {
      2: "16:37"
      3: "20141023"
      5 {
        6: 0x30363437
      }
    }
    2 {
      1: 0x41f2a3ec
      2: 0xc2c36e9a
      5: 0x411b0a3d
    }
    8 {
      1: "10102"
    }
  }
  1: "3"
  4 {
    1 {
      2: "16:37"
      3: "20141023"
      5 {
        6: 0x31363437
      }
    }
    2 {
      1: 0x41f40546
      2: 0xc2c39c85
      5: 0x4229851f
    }
    8 {
      1: "11101"
    }
  }
  1: "4"
  4 {
    1 {
      2: "16:37"
      3: "20141023"
      5 {
        6: 0x35383437
      }
    }
    2 {
      1: 0x41f21952
      2: 0xc2c374b3
    }
    8 {
      1: "10105"
    }
  }
  1: "5"
  4 {
    1 {
      2: "16:37"
      3: "20141023"
      5 {
        6: 0x38393637
      }
    }
    2 {
      1: 0x41f1fc33
      2: 0xc2c38029
      5: 0x41666666
    }
    8 {
      1: "5008"
    }
  }
  1: "6"
  4 {
    1 {
      2: "16:37"
      3: "20141023"
      5 {
        6: 0x31393637
      }
    }
    2 {
      1: 0x41f262d1
      2: 0xc2c37b5d
      5: 0x415bd70a
    }
    8 {
      1: "5016"
    }
  }
  1: "7"
  4 {
    1 {
      2: "16:37"
      3: "20141023"
      5 {
        6: 0x38393637
      }
    }
    2 {
      1: 0x41f22478
      2: 0xc2c37e61
      5: 0x4021eb85
    }
    8 {
      1: "5001"
    }
  }
  1: "8"
  4 {
    1 {
      2: "16:35"
      3: "20141023"
      5 {
        6: 0x31393637
      }
    }
    2 {
      1: 0x41f229d2
      2: 0xc2c37d36
      5: 0x3faa3d71
    }
    8 {
      1: "5018"
    }
  }
  1: "9"
  4 {
    1 {
      2: "16:37"
      3: "20141023"
      5 {
        6: 0x38393637
      }
    }
    2 {
      1: 0x41f27cd6
      2: 0xc2c3774f
      5: 0x3faa3d71
    }
    8 {
      1: "5005"
    }
  }
  1: "10"
  4 {
    1 {
      2: "16:37"
      3: "20141023"
      5 {
        6: 0x31393637
      }
    }
    2 {
      1: 0x41f1fd0c
      2: 0xc2c38004
      5: 0x419a0000
    }
    8 {
      1: "5020"
    }
  }
  1: "11"
  4 {
    1 {
      2: "16:37"
      3: "20141023"
      5 {
        6: 0x38393637
      }
    }
    2 {
      1: 0x41f2a3a4
      2: 0xc2c372ac
      5: 0x41d547ae
    }
    8 {
      1: "5010"
    }
  }
  1: "12"
  4 {
    1 {
      2: "16:37"
      3: "20141023"
      5 {
        6: 0x31393637
      }
    }
    2 {
      1: 0x41f1c726
      2: 0xc2c3874c
      5: 0x4005c28f
    }
    8 {
      1: "5021"
    }
  }
  1: "13"
  4 {
    1 {
      2: "16:37"
      3: "20141023"
      5 {
        6: 0x38393637
      }
    }
    2 {
      1: 0x41f2e8cd
      2: 0xc2c364c7
      5: 0x41c8b852
    }
    8 {
      1: "5007"
    }
  }
  1: "14"
  4 {
    1 {
      2: "16:36"
      3: "20141023"
      5 {
        6: 0x31393637
      }
    }
    2 {
      1: 0x41f17151
      2: 0xc2c390dc
      5: 0x421c7ae1
    }
    8 {
      1: "5014"
    }
  }
  1: "15"
  4 {
    1 {
      2: "16:37"
      3: "20141023"
      5 {
        6: 0x31393637
      }
    }
    2 {
      1: 0x41f3424b
      2: 0xc2c35b3a
      5: 0x41b47ae1
    }
    8 {
      1: "5017"
    }
  }
  1: "16"
  4 {
    1 {
      2: "16:36"
      3: "20141023"
      5 {
        6: 0x31393637
      }
    }
    2 {
      1: 0x41f14d7f
      2: 0xc2c394b0
    }
    8 {
      1: "5002"
    }
  }
  1: "17"
  4 {
    1 {
      2: "16:37"
      3: "20141023"
      5 {
        6: 0x31393637
      }
    }
    2 {
      1: 0x41f2e6a9
      2: 0xc2c364f9
      5: 0x3fa147ae
    }
    8 {
      1: "5013"
    }
  }
  1: "18"
  4 {
    1 {
      2: "16:37"
      3: "20141023"
      5 {
        6: 0x38393637
      }
    }
    2 {
      1: 0x41f1c81b
      2: 0xc2c3886a
    }
    8 {
      1: "5011"
    }
  }
  1: "19"
  4 {
    1 {
      2: "16:36"
      3: "20141023"
      5 {
        6: 0x31393637
      }
    }
    2 {
      1: 0x41f2be0e
      2: 0xc2c36e68
      5: 0x413e8f5c
    }
    8 {
      1: "5004"
    }
  }
  1: "20"
  4 {
    1 {
      2: "16:37"
      3: "20141023"
      5 {
        6: 0x38393637
      }
    }
    2 {
      1: 0x41f36450
      2: 0xc2c35718
      5: 0x41930a3d
    }
    8 {
      1: "5022"
    }
  }
  1: "21"
  4 {
    1 {
      2: "16:36"
      3: "20141023"
      5 {
        6: 0x38393637
      }
    }
    2 {
      1: 0x41f3587c
      2: 0xc2c35627
    }
    8 {
      1: "5006"
    }
  }
  1: "22"
  4 {
    1 {
      2: "16:36"
      3: "20141023"
      5 {
        6: 0x38393637
      }
    }
    2 {
      1: 0x41f1920a
      2: 0xc2c38e0a
      5: 0x410147ae
    }
    8 {
      1: "5012"
    }
  }
  1: "23"
  4 {
    1 {
      2: "16:36"
      3: "20141023"
      5 {
        6: 0x32313737
      }
    }
    2 {
      1: 0x41f2e8ea
      2: 0xc2c37538
      5: 0x419ce148
    }
    8 {
      1: "5053"
    }
  }
  1: "24"
  4 {
    1 {
      2: "16:36"
      3: "20141023"
      5 {
        6: 0x35303737
      }
    }
    2 {
      1: 0x41f22134
      2: 0xc2c37e01
      5: 0x3f4ccccd
    }
    8 {
      1: "5051"
    }
  }
  1: "25"
  4 {
    1 {
      2: "16:37"
      3: "20141023"
      5 {
        6: 0x35303737
      }
    }
    2 {
      1: 0x41f1fbfa
      2: 0xc2c38ad0
      5: 0x41dcf5c3
    }
    8 {
      1: "5054"
    }
  }
  1: "26"
  4 {
    1 {
      2: "16:37"
      3: "20141023"
      5 {
        6: 0x32313737
      }
    }
    2 {
      1: 0x41f32966
      2: 0xc2c370d7
      5: 0x41d33333
    }
    8 {
      1: "5056"
    }
  }
  1: "27"
  4 {
    1 {
      2: "16:36"
      3: "20141023"
      5 {
        6: 0x35303737
      }
    }
    2 {
      1: 0x41f1d51d
      2: 0xc2c39a2b
      5: 0x3ff33333
    }
    8 {
      1: "5057"
    }
  }
  1: "28"
  4 {
    1 {
      2: "16:37"
      3: "20141023"
      5 {
        6: 0x32313737
      }
    }
    2 {
      1: 0x41f33316
      2: 0xc2c370cf
      5: 0x3d4ccccd
    }
    8 {
      1: "5058"
    }
  }
  1: "29"
  4 {
    1 {
      2: "16:36"
      3: "20141023"
      5 {
        6: 0x32313737
      }
    }
    2 {
      1: 0x41f22950
      2: 0xc2c37ded
      5: 0x40f28f5c
    }
    8 {
      1: "5059"
    }
  }
  1: "30"
  4 {
    1 {
      2: "16:37"
      3: "20141023"
      5 {
        6: 0x35303737
      }
    }
    2 {
      1: 0x41f28b24
      2: 0xc2c37859
      5: 0x405e147b
    }
    8 {
      1: "5060"
    }
  }
  1: "31"
  4 {
    1 {
      2: "16:37"
      3: "20141023"
      5 {
        6: 0x32313737
      }
    }
    2 {
      1: 0x41f254e8
      2: 0xc2c37b8f
      5: 0x4193eb85
    }
    8 {
      1: "5061"
    }
  }
  1: "32"
  4 {
    1 {
      2: "16:37"
      3: "20141023"
      5 {
        6: 0x35303737
      }
    }
    2 {
      1: 0x41f25049
      2: 0xc2c37b9f
      5: 0x3f3851ec
    }
    8 {
      1: "5062"
    }
  }
  1: "33"
  4 {
    1 {
      2: "16:37"
      3: "20141023"
      5 {
        6: 0x32313737
      }
    }
    2 {
      1: 0x41f29a1f
      2: 0xc2c37abb
      5: 0x41028f5c
    }
    8 {
      1: "5063"
    }
  }
  1 {
    6 {
    }
  }
  4 {
    1 {
      2: "16:36"
      3: "20141023"
      5 {
        6: 0x35303737
      }
    }
    2 {
      1: 0x41f1d549
      2: 0xc2c39985
    }
    8 {
      1: "5055"
    }
  }
  1: "35"
  4 {
    1 {
      2: "16:37"
      3: "20141023"
      5 {
        6: 0x35303737
      }
    }
    2 {
      1: 0x41f2d908
      2: 0xc2c37641
      5: 0x412028f6
    }
    8 {
      1: "5065"
    }
  }
  1: "36"
  4 {
    1 {
      2: "16:36"
      3: "20141023"
      5 {
        6: 0x32313737
      }
    }
    2 {
      1: 0x41f223bd
      2: 0xc2c38363
      5: 0x404ae148
    }
    8 {
      1: "5066"
    }
  }
}
